2022-12-07 22:13:41.532  INFO 5478 --- [main] com.example.demo.TestSpringApplication   : Starting TestSpringApplication on Haruxiaopengyoudemaijinta.local with PID 5478 (/Users/haru/Desktop/project/testSpring/target/classes started by haru in /Users/haru/Desktop/project/testSpring)
2022-12-07 22:13:41.533  INFO 5478 --- [main] com.example.demo.TestSpringApplication   : No active profile set, falling back to default profiles: default
2022-12-07 22:13:41.786  INFO 5478 --- [main] .s.d.r.c.RepositoryConfigurationDelegate : Bootstrapping Spring Data JPA repositories in DEFAULT mode.
2022-12-07 22:13:41.804  INFO 5478 --- [main] .s.d.r.c.RepositoryConfigurationDelegate : Finished Spring Data repository scanning in 15ms. Found 1 JPA repository interfaces.
2022-12-07 22:13:41.968  INFO 5478 --- [main] o.s.b.w.embedded.tomcat.TomcatWebServer  : Tomcat initialized with port(s): 8080 (http)
2022-12-07 22:13:41.971  INFO 5478 --- [main] o.apache.catalina.core.StandardService   : Starting service [Tomcat]
2022-12-07 22:13:41.972  INFO 5478 --- [main] org.apache.catalina.core.StandardEngine  : Starting Servlet engine: [Apache Tomcat/9.0.45]
2022-12-07 22:13:42.003  INFO 5478 --- [main] o.a.c.c.C.[Tomcat].[localhost].[/]       : Initializing Spring embedded WebApplicationContext
2022-12-07 22:13:42.003  INFO 5478 --- [main] w.s.c.ServletWebServerApplicationContext : Root WebApplicationContext: initialization completed in 454 ms
2022-12-07 22:13:42.062  INFO 5478 --- [main] com.zaxxer.hikari.HikariDataSource       : HikariPool-1 - Starting...
2022-12-07 22:13:42.183  INFO 5478 --- [main] com.zaxxer.hikari.HikariDataSource       : HikariPool-1 - Start completed.
2022-12-07 22:13:42.490  INFO 5478 --- [main] j.LocalContainerEntityManagerFactoryBean : Initialized JPA EntityManagerFactory for persistence unit 'default'
2022-12-07 22:13:42.665  WARN 5478 --- [main] JpaBaseConfiguration$JpaWebConfiguration : spring.jpa.open-in-view is enabled by default. Therefore, database queries may be performed during view rendering. Explicitly configure spring.jpa.open-in-view to disable this warning
2022-12-07 22:13:42.692 DEBUG 5478 --- [main] s.w.s.m.m.a.RequestMappingHandlerMapping : 16 mappings in 'requestMappingHandlerMapping'
2022-12-07 22:13:42.732  INFO 5478 --- [main] o.s.s.concurrent.ThreadPoolTaskExecutor  : Initializing ExecutorService 'applicationTaskExecutor'
2022-12-07 22:13:42.742 DEBUG 5478 --- [main] s.w.s.m.m.a.RequestMappingHandlerAdapter : ControllerAdvice beans: 0 @ModelAttribute, 0 @InitBinder, 1 RequestBodyAdvice, 1 ResponseBodyAdvice
2022-12-07 22:13:42.753 DEBUG 5478 --- [main] o.s.w.s.handler.SimpleUrlHandlerMapping  : Patterns [/swagger-ui/**, /webjars/**, /**] in 'resourceHandlerMapping'
2022-12-07 22:13:42.757 DEBUG 5478 --- [main] o.s.w.s.handler.SimpleUrlHandlerMapping  : Patterns [/swagger-ui/] in 'viewControllerHandlerMapping'
2022-12-07 22:13:42.762 DEBUG 5478 --- [main] .m.m.a.ExceptionHandlerExceptionResolver : ControllerAdvice beans: 0 @ExceptionHandler, 1 ResponseBodyAdvice
2022-12-07 22:13:42.793  INFO 5478 --- [main] o.s.b.w.embedded.tomcat.TomcatWebServer  : Tomcat started on port(s): 8080 (http) with context path ''
2022-12-07 22:13:42.873  INFO 5478 --- [main] com.example.demo.TestSpringApplication   : Started TestSpringApplication in 1.431 seconds (JVM running for 1.84)
2022-12-07 22:13:47.816  INFO 5478 --- [http-nio-8080-exec-1] o.a.c.c.C.[Tomcat].[localhost].[/]       : Initializing Spring DispatcherServlet 'dispatcherServlet'
2022-12-07 22:13:47.816  INFO 5478 --- [http-nio-8080-exec-1] o.s.web.servlet.DispatcherServlet        : Initializing Servlet 'dispatcherServlet'
2022-12-07 22:13:47.817 DEBUG 5478 --- [http-nio-8080-exec-1] o.s.web.servlet.DispatcherServlet        : Detected StandardServletMultipartResolver
2022-12-07 22:13:47.820 DEBUG 5478 --- [http-nio-8080-exec-1] o.s.web.servlet.DispatcherServlet        : enableLoggingRequestDetails='false': request parameters and headers will be masked to prevent unsafe logging of potentially sensitive data
2022-12-07 22:13:47.820  INFO 5478 --- [http-nio-8080-exec-1] o.s.web.servlet.DispatcherServlet        : Completed initialization in 4 ms
2022-12-07 22:13:47.825 DEBUG 5478 --- [http-nio-8080-exec-1] o.s.web.servlet.DispatcherServlet        : GET "/swagger-ui/index.html", parameters={}
2022-12-07 22:13:47.828 DEBUG 5478 --- [http-nio-8080-exec-1] o.s.w.s.handler.SimpleUrlHandlerMapping  : Mapped to ResourceHttpRequestHandler ["classpath:/META-INF/resources/webjars/springfox-swagger-ui/"]
2022-12-07 22:13:47.831 DEBUG 5478 --- [http-nio-8080-exec-1] o.s.web.servlet.DispatcherServlet        : Completed 304 NOT_MODIFIED
2022-12-07 22:13:47.868 DEBUG 5478 --- [http-nio-8080-exec-2] o.s.web.servlet.DispatcherServlet        : GET "/swagger-resources/configuration/ui", parameters={}
2022-12-07 22:13:47.869 DEBUG 5478 --- [http-nio-8080-exec-2] s.w.s.m.m.a.RequestMappingHandlerMapping : Mapped to springfox.documentation.swagger.web.ApiResourceController#uiConfiguration()
2022-12-07 22:13:47.876 DEBUG 5478 --- [http-nio-8080-exec-2] o.s.w.s.m.m.a.HttpEntityMethodProcessor  : Using 'application/json', given [application/json] and supported [application/json]
2022-12-07 22:13:47.884 DEBUG 5478 --- [http-nio-8080-exec-2] o.s.w.s.m.m.a.HttpEntityMethodProcessor  : Writing [springfox.documentation.swagger.web.UiConfiguration@2f85c116]
2022-12-07 22:13:47.889 DEBUG 5478 --- [http-nio-8080-exec-2] o.s.web.servlet.DispatcherServlet        : Completed 200 OK
2022-12-07 22:13:47.891 DEBUG 5478 --- [http-nio-8080-exec-3] o.s.web.servlet.DispatcherServlet        : GET "/swagger-resources/configuration/security", parameters={}
2022-12-07 22:13:47.891 DEBUG 5478 --- [http-nio-8080-exec-3] s.w.s.m.m.a.RequestMappingHandlerMapping : Mapped to springfox.documentation.swagger.web.ApiResourceController#securityConfiguration()
2022-12-07 22:13:47.891 DEBUG 5478 --- [http-nio-8080-exec-3] o.s.w.s.m.m.a.HttpEntityMethodProcessor  : Using 'application/json', given [application/json] and supported [application/json]
2022-12-07 22:13:47.892 DEBUG 5478 --- [http-nio-8080-exec-3] o.s.w.s.m.m.a.HttpEntityMethodProcessor  : Writing [springfox.documentation.swagger.web.SecurityConfiguration@4035db5a]
2022-12-07 22:13:47.893 DEBUG 5478 --- [http-nio-8080-exec-3] o.s.web.servlet.DispatcherServlet        : Completed 200 OK
2022-12-07 22:13:47.894 DEBUG 5478 --- [http-nio-8080-exec-4] o.s.web.servlet.DispatcherServlet        : GET "/swagger-resources", parameters={}
2022-12-07 22:13:47.894 DEBUG 5478 --- [http-nio-8080-exec-4] s.w.s.m.m.a.RequestMappingHandlerMapping : Mapped to springfox.documentation.swagger.web.ApiResourceController#swaggerResources()
2022-12-07 22:13:47.895 DEBUG 5478 --- [http-nio-8080-exec-4] o.s.w.s.m.m.a.HttpEntityMethodProcessor  : Using 'application/json', given [application/json] and supported [application/json]
2022-12-07 22:13:47.895 DEBUG 5478 --- [http-nio-8080-exec-4] o.s.w.s.m.m.a.HttpEntityMethodProcessor  : Writing [[springfox.documentation.swagger.web.SwaggerResource@4285029e]]
2022-12-07 22:13:47.896 DEBUG 5478 --- [http-nio-8080-exec-4] o.s.web.servlet.DispatcherServlet        : Completed 200 OK
2022-12-07 22:13:47.908 DEBUG 5478 --- [http-nio-8080-exec-5] o.s.web.servlet.DispatcherServlet        : GET "/v2/api-docs", parameters={}
2022-12-07 22:13:47.908 DEBUG 5478 --- [http-nio-8080-exec-5] s.w.s.m.m.a.RequestMappingHandlerMapping : Mapped to springfox.documentation.swagger2.web.Swagger2ControllerWebMvc#getDocumentation(String, HttpServletRequest)
2022-12-07 22:13:47.944 DEBUG 5478 --- [http-nio-8080-exec-5] o.s.w.s.m.m.a.HttpEntityMethodProcessor  : Using 'application/json', given [application/json, */*] and supported [application/json, application/hal+json]
2022-12-07 22:13:47.944 DEBUG 5478 --- [http-nio-8080-exec-5] o.s.w.s.m.m.a.HttpEntityMethodProcessor  : Writing [springfox.documentation.spring.web.json.Json@40f409ed]
2022-12-07 22:13:47.945 DEBUG 5478 --- [http-nio-8080-exec-5] o.s.web.servlet.DispatcherServlet        : Completed 200 OK
2022-12-07 22:13:54.793 DEBUG 5478 --- [http-nio-8080-exec-6] o.s.web.servlet.DispatcherServlet        : GET "/baseTest/test", parameters={}
2022-12-07 22:13:54.794 DEBUG 5478 --- [http-nio-8080-exec-6] s.w.s.m.m.a.RequestMappingHandlerMapping : Mapped to com.example.demo.controller.BaseController#findAllStoreInfo()
2022-12-07 22:13:54.796  INFO 5478 --- [http-nio-8080-exec-6] c.e.demo.controller.BaseController       : log4j
2022-12-07 22:13:54.798 DEBUG 5478 --- [http-nio-8080-exec-6] o.s.w.s.m.m.a.HttpEntityMethodProcessor  : Using 'text/plain', given [*/*] and supported [text/plain, */*, text/plain, */*, application/json, application/*+json, application/json, application/*+json]
2022-12-07 22:13:54.799 DEBUG 5478 --- [http-nio-8080-exec-6] o.s.w.s.m.m.a.HttpEntityMethodProcessor  : Writing ["test"]
2022-12-07 22:13:54.801 DEBUG 5478 --- [http-nio-8080-exec-6] o.s.web.servlet.DispatcherServlet        : Completed 200 OK
2022-12-07 22:14:16.347 DEBUG 5478 --- [http-nio-8080-exec-7] o.s.web.servlet.DispatcherServlet        : GET "/baseTest/test", parameters={}
2022-12-07 22:14:16.347 DEBUG 5478 --- [http-nio-8080-exec-7] s.w.s.m.m.a.RequestMappingHandlerMapping : Mapped to com.example.demo.controller.BaseController#findAllStoreInfo()
2022-12-07 22:14:16.348  INFO 5478 --- [http-nio-8080-exec-7] c.e.demo.controller.BaseController       : log4j
2022-12-07 22:14:16.348 DEBUG 5478 --- [http-nio-8080-exec-7] o.s.w.s.m.m.a.HttpEntityMethodProcessor  : Using 'text/plain', given [*/*] and supported [text/plain, */*, text/plain, */*, application/json, application/*+json, application/json, application/*+json]
2022-12-07 22:14:16.348 DEBUG 5478 --- [http-nio-8080-exec-7] o.s.w.s.m.m.a.HttpEntityMethodProcessor  : Writing ["test"]
2022-12-07 22:14:16.349 DEBUG 5478 --- [http-nio-8080-exec-7] o.s.web.servlet.DispatcherServlet        : Completed 200 OK
2022-12-07 22:15:25.381  INFO 5478 --- [RMI TCP Connection(5)-127.0.0.1] inMXBeanRegistrar$SpringApplicationAdmin : Application shutdown requested.
2022-12-07 22:15:25.393  INFO 5478 --- [RMI TCP Connection(5)-127.0.0.1] o.s.s.concurrent.ThreadPoolTaskExecutor  : Shutting down ExecutorService 'applicationTaskExecutor'
2022-12-07 22:15:25.395  INFO 5478 --- [RMI TCP Connection(5)-127.0.0.1] j.LocalContainerEntityManagerFactoryBean : Closing JPA EntityManagerFactory for persistence unit 'default'
2022-12-07 22:15:25.395  INFO 5478 --- [RMI TCP Connection(5)-127.0.0.1] com.zaxxer.hikari.HikariDataSource       : HikariPool-1 - Shutdown initiated...
2022-12-07 22:15:25.398  INFO 5478 --- [RMI TCP Connection(5)-127.0.0.1] com.zaxxer.hikari.HikariDataSource       : HikariPool-1 - Shutdown completed.
2022-12-07 22:15:55.242  INFO 5504 --- [main] com.example.demo.TestSpringApplication   : Starting TestSpringApplication on Haruxiaopengyoudemaijinta.local with PID 5504 (/Users/haru/Desktop/project/testSpring/target/classes started by haru in /Users/haru/Desktop/project/testSpring)
2022-12-07 22:15:55.244  INFO 5504 --- [main] com.example.demo.TestSpringApplication   : No active profile set, falling back to default profiles: default
2022-12-07 22:15:55.505  INFO 5504 --- [main] .s.d.r.c.RepositoryConfigurationDelegate : Bootstrapping Spring Data JPA repositories in DEFAULT mode.
2022-12-07 22:15:55.522  INFO 5504 --- [main] .s.d.r.c.RepositoryConfigurationDelegate : Finished Spring Data repository scanning in 14ms. Found 1 JPA repository interfaces.
2022-12-07 22:15:55.686  INFO 5504 --- [main] o.s.b.w.embedded.tomcat.TomcatWebServer  : Tomcat initialized with port(s): 8080 (http)
2022-12-07 22:15:55.689  INFO 5504 --- [main] o.apache.catalina.core.StandardService   : Starting service [Tomcat]
2022-12-07 22:15:55.689  INFO 5504 --- [main] org.apache.catalina.core.StandardEngine  : Starting Servlet engine: [Apache Tomcat/9.0.45]
2022-12-07 22:15:55.721  INFO 5504 --- [main] o.a.c.c.C.[Tomcat].[localhost].[/]       : Initializing Spring embedded WebApplicationContext
2022-12-07 22:15:55.721  INFO 5504 --- [main] w.s.c.ServletWebServerApplicationContext : Root WebApplicationContext: initialization completed in 461 ms
2022-12-07 22:15:55.785  INFO 5504 --- [main] com.zaxxer.hikari.HikariDataSource       : HikariPool-1 - Starting...
2022-12-07 22:15:55.904  INFO 5504 --- [main] com.zaxxer.hikari.HikariDataSource       : HikariPool-1 - Start completed.
2022-12-07 22:15:56.204  INFO 5504 --- [main] j.LocalContainerEntityManagerFactoryBean : Initialized JPA EntityManagerFactory for persistence unit 'default'
2022-12-07 22:15:56.388  WARN 5504 --- [main] JpaBaseConfiguration$JpaWebConfiguration : spring.jpa.open-in-view is enabled by default. Therefore, database queries may be performed during view rendering. Explicitly configure spring.jpa.open-in-view to disable this warning
2022-12-07 22:15:56.412 DEBUG 5504 --- [main] s.w.s.m.m.a.RequestMappingHandlerMapping : 16 mappings in 'requestMappingHandlerMapping'
2022-12-07 22:15:56.456  INFO 5504 --- [main] o.s.s.concurrent.ThreadPoolTaskExecutor  : Initializing ExecutorService 'applicationTaskExecutor'
2022-12-07 22:15:56.466 DEBUG 5504 --- [main] s.w.s.m.m.a.RequestMappingHandlerAdapter : ControllerAdvice beans: 0 @ModelAttribute, 0 @InitBinder, 1 RequestBodyAdvice, 1 ResponseBodyAdvice
2022-12-07 22:15:56.477 DEBUG 5504 --- [main] o.s.w.s.handler.SimpleUrlHandlerMapping  : Patterns [/swagger-ui/**, /webjars/**, /**] in 'resourceHandlerMapping'
2022-12-07 22:15:56.481 DEBUG 5504 --- [main] o.s.w.s.handler.SimpleUrlHandlerMapping  : Patterns [/swagger-ui/] in 'viewControllerHandlerMapping'
2022-12-07 22:15:56.486 DEBUG 5504 --- [main] .m.m.a.ExceptionHandlerExceptionResolver : ControllerAdvice beans: 0 @ExceptionHandler, 1 ResponseBodyAdvice
2022-12-07 22:15:56.517  INFO 5504 --- [main] o.s.b.w.embedded.tomcat.TomcatWebServer  : Tomcat started on port(s): 8080 (http) with context path ''
2022-12-07 22:15:56.596  INFO 5504 --- [main] com.example.demo.TestSpringApplication   : Started TestSpringApplication in 1.446 seconds (JVM running for 1.87)
2022-12-07 22:15:58.965  INFO 5504 --- [http-nio-8080-exec-1] o.a.c.c.C.[Tomcat].[localhost].[/]       : Initializing Spring DispatcherServlet 'dispatcherServlet'
2022-12-07 22:15:58.966  INFO 5504 --- [http-nio-8080-exec-1] o.s.web.servlet.DispatcherServlet        : Initializing Servlet 'dispatcherServlet'
2022-12-07 22:15:58.966 DEBUG 5504 --- [http-nio-8080-exec-1] o.s.web.servlet.DispatcherServlet        : Detected StandardServletMultipartResolver
2022-12-07 22:15:58.969 DEBUG 5504 --- [http-nio-8080-exec-1] o.s.web.servlet.DispatcherServlet        : enableLoggingRequestDetails='false': request parameters and headers will be masked to prevent unsafe logging of potentially sensitive data
2022-12-07 22:15:58.970  INFO 5504 --- [http-nio-8080-exec-1] o.s.web.servlet.DispatcherServlet        : Completed initialization in 4 ms
2022-12-07 22:15:58.974 DEBUG 5504 --- [http-nio-8080-exec-1] o.s.web.servlet.DispatcherServlet        : GET "/swagger-ui/index.html", parameters={}
2022-12-07 22:15:58.978 DEBUG 5504 --- [http-nio-8080-exec-1] o.s.w.s.handler.SimpleUrlHandlerMapping  : Mapped to ResourceHttpRequestHandler ["classpath:/META-INF/resources/webjars/springfox-swagger-ui/"]
2022-12-07 22:15:58.980 DEBUG 5504 --- [http-nio-8080-exec-1] o.s.web.servlet.DispatcherServlet        : Completed 304 NOT_MODIFIED
2022-12-07 22:15:59.048 DEBUG 5504 --- [http-nio-8080-exec-2] o.s.web.servlet.DispatcherServlet        : GET "/swagger-resources/configuration/ui", parameters={}
2022-12-07 22:15:59.049 DEBUG 5504 --- [http-nio-8080-exec-2] s.w.s.m.m.a.RequestMappingHandlerMapping : Mapped to springfox.documentation.swagger.web.ApiResourceController#uiConfiguration()
2022-12-07 22:15:59.056 DEBUG 5504 --- [http-nio-8080-exec-2] o.s.w.s.m.m.a.HttpEntityMethodProcessor  : Using 'application/json', given [application/json] and supported [application/json]
2022-12-07 22:15:59.066 DEBUG 5504 --- [http-nio-8080-exec-2] o.s.w.s.m.m.a.HttpEntityMethodProcessor  : Writing [springfox.documentation.swagger.web.UiConfiguration@7353167b]
2022-12-07 22:15:59.072 DEBUG 5504 --- [http-nio-8080-exec-2] o.s.web.servlet.DispatcherServlet        : Completed 200 OK
2022-12-07 22:15:59.074 DEBUG 5504 --- [http-nio-8080-exec-3] o.s.web.servlet.DispatcherServlet        : GET "/swagger-resources/configuration/security", parameters={}
2022-12-07 22:15:59.074 DEBUG 5504 --- [http-nio-8080-exec-3] s.w.s.m.m.a.RequestMappingHandlerMapping : Mapped to springfox.documentation.swagger.web.ApiResourceController#securityConfiguration()
2022-12-07 22:15:59.074 DEBUG 5504 --- [http-nio-8080-exec-3] o.s.w.s.m.m.a.HttpEntityMethodProcessor  : Using 'application/json', given [application/json] and supported [application/json]
2022-12-07 22:15:59.076 DEBUG 5504 --- [http-nio-8080-exec-3] o.s.w.s.m.m.a.HttpEntityMethodProcessor  : Writing [springfox.documentation.swagger.web.SecurityConfiguration@776b6384]
2022-12-07 22:15:59.076 DEBUG 5504 --- [http-nio-8080-exec-3] o.s.web.servlet.DispatcherServlet        : Completed 200 OK
2022-12-07 22:15:59.077 DEBUG 5504 --- [http-nio-8080-exec-4] o.s.web.servlet.DispatcherServlet        : GET "/swagger-resources", parameters={}
2022-12-07 22:15:59.078 DEBUG 5504 --- [http-nio-8080-exec-4] s.w.s.m.m.a.RequestMappingHandlerMapping : Mapped to springfox.documentation.swagger.web.ApiResourceController#swaggerResources()
2022-12-07 22:15:59.078 DEBUG 5504 --- [http-nio-8080-exec-4] o.s.w.s.m.m.a.HttpEntityMethodProcessor  : Using 'application/json', given [application/json] and supported [application/json]
2022-12-07 22:15:59.078 DEBUG 5504 --- [http-nio-8080-exec-4] o.s.w.s.m.m.a.HttpEntityMethodProcessor  : Writing [[springfox.documentation.swagger.web.SwaggerResource@69108531]]
2022-12-07 22:15:59.079 DEBUG 5504 --- [http-nio-8080-exec-4] o.s.web.servlet.DispatcherServlet        : Completed 200 OK
2022-12-07 22:15:59.090 DEBUG 5504 --- [http-nio-8080-exec-5] o.s.web.servlet.DispatcherServlet        : GET "/v2/api-docs", parameters={}
2022-12-07 22:15:59.091 DEBUG 5504 --- [http-nio-8080-exec-5] s.w.s.m.m.a.RequestMappingHandlerMapping : Mapped to springfox.documentation.swagger2.web.Swagger2ControllerWebMvc#getDocumentation(String, HttpServletRequest)
2022-12-07 22:15:59.134 DEBUG 5504 --- [http-nio-8080-exec-5] o.s.w.s.m.m.a.HttpEntityMethodProcessor  : Using 'application/json', given [application/json, */*] and supported [application/json, application/hal+json]
2022-12-07 22:15:59.135 DEBUG 5504 --- [http-nio-8080-exec-5] o.s.w.s.m.m.a.HttpEntityMethodProcessor  : Writing [springfox.documentation.spring.web.json.Json@2e3b805c]
2022-12-07 22:15:59.136 DEBUG 5504 --- [http-nio-8080-exec-5] o.s.web.servlet.DispatcherServlet        : Completed 200 OK
2022-12-07 22:16:02.222 DEBUG 5504 --- [http-nio-8080-exec-6] o.s.web.servlet.DispatcherServlet        : GET "/baseTest/test", parameters={}
2022-12-07 22:16:02.223 DEBUG 5504 --- [http-nio-8080-exec-6] s.w.s.m.m.a.RequestMappingHandlerMapping : Mapped to com.example.demo.controller.BaseController#findAllStoreInfo()
2022-12-07 22:16:02.224  INFO 5504 --- [http-nio-8080-exec-6] c.e.demo.controller.BaseController       : log4j
2022-12-07 22:16:02.227 DEBUG 5504 --- [http-nio-8080-exec-6] o.s.w.s.m.m.a.HttpEntityMethodProcessor  : Using 'text/plain', given [*/*] and supported [text/plain, */*, text/plain, */*, application/json, application/*+json, application/json, application/*+json]
2022-12-07 22:16:02.227 DEBUG 5504 --- [http-nio-8080-exec-6] o.s.w.s.m.m.a.HttpEntityMethodProcessor  : Writing ["test"]
2022-12-07 22:16:02.228 DEBUG 5504 --- [http-nio-8080-exec-6] o.s.web.servlet.DispatcherServlet        : Completed 200 OK
2022-12-07 22:16:04.696 DEBUG 5504 --- [http-nio-8080-exec-7] o.s.web.servlet.DispatcherServlet        : GET "/baseTest/test", parameters={}
2022-12-07 22:16:04.697 DEBUG 5504 --- [http-nio-8080-exec-7] s.w.s.m.m.a.RequestMappingHandlerMapping : Mapped to com.example.demo.controller.BaseController#findAllStoreInfo()
2022-12-07 22:16:04.697  INFO 5504 --- [http-nio-8080-exec-7] c.e.demo.controller.BaseController       : log4j
2022-12-07 22:16:04.698 DEBUG 5504 --- [http-nio-8080-exec-7] o.s.w.s.m.m.a.HttpEntityMethodProcessor  : Using 'text/plain', given [*/*] and supported [text/plain, */*, text/plain, */*, application/json, application/*+json, application/json, application/*+json]
2022-12-07 22:16:04.699 DEBUG 5504 --- [http-nio-8080-exec-7] o.s.w.s.m.m.a.HttpEntityMethodProcessor  : Writing ["test"]
2022-12-07 22:16:04.701 DEBUG 5504 --- [http-nio-8080-exec-7] o.s.web.servlet.DispatcherServlet        : Completed 200 OK
2022-12-07 22:19:58.888  INFO 5504 --- [RMI TCP Connection(6)-127.0.0.1] inMXBeanRegistrar$SpringApplicationAdmin : Application shutdown requested.
2022-12-07 22:19:58.900  INFO 5504 --- [RMI TCP Connection(6)-127.0.0.1] o.s.s.concurrent.ThreadPoolTaskExecutor  : Shutting down ExecutorService 'applicationTaskExecutor'
2022-12-07 22:19:58.901  INFO 5504 --- [RMI TCP Connection(6)-127.0.0.1] j.LocalContainerEntityManagerFactoryBean : Closing JPA EntityManagerFactory for persistence unit 'default'
2022-12-07 22:19:58.902  INFO 5504 --- [RMI TCP Connection(6)-127.0.0.1] com.zaxxer.hikari.HikariDataSource       : HikariPool-1 - Shutdown initiated...
2022-12-07 22:19:58.905  INFO 5504 --- [RMI TCP Connection(6)-127.0.0.1] com.zaxxer.hikari.HikariDataSource       : HikariPool-1 - Shutdown completed.
